<?xml version="1.0" encoding="UTF-8"?>
<testng-results ignored="0" total="1" passed="1" failed="0" skipped="0">
  <reporter-output>
  </reporter-output>
  <suite started-at="2021-11-02T10:57:30Z" name="Gradle suite" finished-at="2021-11-02T10:57:44Z" duration-ms="14119">
    <groups>
    </groups>
    <test started-at="2021-11-02T10:57:30Z" name="Gradle test" finished-at="2021-11-02T10:57:44Z" duration-ms="14119">
      <class name="tests.TDBANK.LoginTDBANKPerformanceTest">
        <test-method is-config="true" signature="setUp()[pri:0, instance:tests.TDBANK.LoginTDBANKPerformanceTest@76252bfb]" started-at="2021-11-02T10:57:30Z" name="setUp" finished-at="2021-11-02T10:57:38Z" duration-ms="7916" status="PASS">
          <reporter-output>
          </reporter-output>
        </test-method> <!-- setUp -->
        <test-method signature="loginTest()[pri:0, instance:tests.TDBANK.LoginTDBANKPerformanceTest@76252bfb]" started-at="2021-11-02T10:57:38Z" name="loginTest" finished-at="2021-11-02T10:57:43Z" duration-ms="5379" status="PASS">
          <reporter-output>
          </reporter-output>
        </test-method> <!-- loginTest -->
        <test-method is-config="true" signature="afterTest(org.testng.ITestResult)[pri:0, instance:tests.TDBANK.LoginTDBANKPerformanceTest@76252bfb]" started-at="2021-11-02T10:57:43Z" name="afterTest" finished-at="2021-11-02T10:57:44Z" duration-ms="791" status="PASS">
          <params>
            <param index="0">
              <value>
                <![CDATA[[TestResult name=loginTest status=SUCCESS method=LoginTDBANKPerformanceTest.loginTest()[pri:0, instance:tests.TDBANK.LoginTDBANKPerformanceTest@76252bfb] output={null}]]]>
              </value>
            </param>
          </params>
          <reporter-output>
          </reporter-output>
        </test-method> <!-- afterTest -->
      </class> <!-- tests.TDBANK.LoginTDBANKPerformanceTest -->
    </test> <!-- Gradle test -->
  </suite> <!-- Gradle suite -->
</testng-results>
