<?xml version="1.0" encoding="UTF-8"?>
<testng-results ignored="0" total="2" passed="2" failed="0" skipped="0">
  <reporter-output>
  </reporter-output>
  <suite started-at="2021-11-01T15:49:34Z" name="Gradle suite" finished-at="2021-11-01T15:49:48Z" duration-ms="14012">
    <groups>
    </groups>
    <test started-at="2021-11-01T15:49:34Z" name="Gradle test" finished-at="2021-11-01T15:49:48Z" duration-ms="14012">
      <class name="com.dice.FirstTest">
        <test-method signature="firstTestMethod()[pri:0, instance:com.dice.FirstTest@10cfc27b]" started-at="2021-11-01T15:49:34Z" name="firstTestMethod" finished-at="2021-11-01T15:49:44Z" duration-ms="9887" status="PASS">
          <reporter-output>
          </reporter-output>
        </test-method> <!-- firstTestMethod -->
        <test-method signature="secondTestMethod()[pri:0, instance:com.dice.FirstTest@10cfc27b]" started-at="2021-11-01T15:49:44Z" name="secondTestMethod" finished-at="2021-11-01T15:49:48Z" duration-ms="4098" status="PASS">
          <reporter-output>
          </reporter-output>
        </test-method> <!-- secondTestMethod -->
      </class> <!-- com.dice.FirstTest -->
    </test> <!-- Gradle test -->
  </suite> <!-- Gradle suite -->
</testng-results>
